d:\document\edukasi\magang\len\openddsjavahelloworld\debug\helloworld\amd64\vc143.pdb
d:\document\edukasi\magang\len\openddsjavahelloworld\debug\helloworld\amd64\vc143.idb
d:\document\edukasi\magang\len\openddsjavahelloworld\debug\helloworld\amd64\helloworldtypesupports.obj
d:\document\edukasi\magang\len\openddsjavahelloworld\debug\helloworld\amd64\helloworldtypesupportjc.obj
d:\document\edukasi\magang\len\openddsjavahelloworld\debug\helloworld\amd64\helloworldtypesupportimpl.obj
d:\document\edukasi\magang\len\openddsjavahelloworld\debug\helloworld\amd64\helloworldtypesupportc.obj
d:\document\edukasi\magang\len\openddsjavahelloworld\debug\helloworld\amd64\helloworlds.obj
d:\document\edukasi\magang\len\openddsjavahelloworld\debug\helloworld\amd64\helloworldjc.obj
d:\document\edukasi\magang\len\openddsjavahelloworld\debug\helloworld\amd64\helloworldc.obj
d:\document\edukasi\magang\len\openddsjavahelloworld\classes\helloworld\message.class
d:\document\edukasi\magang\len\openddsjavahelloworld\classes\helloworld\messagehelper.class
d:\document\edukasi\magang\len\openddsjavahelloworld\classes\helloworld\messageholder.class
d:\document\edukasi\magang\len\openddsjavahelloworld\helloworldtypesupportc.cpp
d:\document\edukasi\magang\len\openddsjavahelloworld\helloworldtypesupportc.h
d:\document\edukasi\magang\len\openddsjavahelloworld\helloworldtypesupportc.inl
d:\document\edukasi\magang\len\openddsjavahelloworld\helloworldtypesupportjc.cpp
d:\document\edukasi\magang\len\openddsjavahelloworld\helloworldtypesupportjc.h
d:\document\edukasi\magang\len\openddsjavahelloworld\helloworldtypesupports.cpp
d:\document\edukasi\magang\len\openddsjavahelloworld\helloworldtypesupports.h
d:\document\edukasi\magang\len\openddsjavahelloworld\helloworld\message.java
d:\document\edukasi\magang\len\openddsjavahelloworld\helloworld\messagehelper.java
d:\document\edukasi\magang\len\openddsjavahelloworld\helloworld\messageholder.java
d:\document\edukasi\magang\len\openddsjavahelloworld\helloworldc.cpp
d:\document\edukasi\magang\len\openddsjavahelloworld\helloworldc.h
d:\document\edukasi\magang\len\openddsjavahelloworld\helloworldc.inl
d:\document\edukasi\magang\len\openddsjavahelloworld\helloworldjc.cpp
d:\document\edukasi\magang\len\openddsjavahelloworld\helloworldjc.h
d:\document\edukasi\magang\len\openddsjavahelloworld\helloworlds.cpp
d:\document\edukasi\magang\len\openddsjavahelloworld\helloworlds.h
d:\document\edukasi\magang\len\openddsjavahelloworld\helloworldtypesupport.idl
d:\document\edukasi\magang\len\openddsjavahelloworld\helloworldtypesupportimpl.cpp
d:\document\edukasi\magang\len\openddsjavahelloworld\helloworldtypesupportimpl.h
d:\document\edukasi\magang\len\openddsjavahelloworld\helloworldd.dll
d:\document\edukasi\magang\len\openddsjavahelloworld\helloworldd_dll.pdb
d:\document\edukasi\magang\len\openddsjavahelloworld\helloworldd.lib
d:\document\edukasi\magang\len\openddsjavahelloworld\helloworldd.exp
d:\document\edukasi\magang\len\openddsjavahelloworld\debug\helloworld\amd64\helloworldd.ilk
d:\document\edukasi\magang\len\openddsjavahelloworld\debug\helloworld\amd64\.\helloworldd.ilk
d:\document\edukasi\magang\len\openddsjavahelloworld\debug\helloworld\amd64\helloworld.tlog\cl.command.1.tlog
d:\document\edukasi\magang\len\openddsjavahelloworld\debug\helloworld\amd64\helloworld.tlog\cl.items.tlog
d:\document\edukasi\magang\len\openddsjavahelloworld\debug\helloworld\amd64\helloworld.tlog\cl.read.1.tlog
d:\document\edukasi\magang\len\openddsjavahelloworld\debug\helloworld\amd64\helloworld.tlog\cl.write.1.tlog
d:\document\edukasi\magang\len\openddsjavahelloworld\debug\helloworld\amd64\helloworld.tlog\custombuild.command.1.tlog
d:\document\edukasi\magang\len\openddsjavahelloworld\debug\helloworld\amd64\helloworld.tlog\custombuild.read.1.tlog
d:\document\edukasi\magang\len\openddsjavahelloworld\debug\helloworld\amd64\helloworld.tlog\custombuild.write.1.tlog
d:\document\edukasi\magang\len\openddsjavahelloworld\debug\helloworld\amd64\helloworld.tlog\link.command.1.tlog
d:\document\edukasi\magang\len\openddsjavahelloworld\debug\helloworld\amd64\helloworld.tlog\link.read.1.tlog
d:\document\edukasi\magang\len\openddsjavahelloworld\debug\helloworld\amd64\helloworld.tlog\link.secondary.1.tlog
d:\document\edukasi\magang\len\openddsjavahelloworld\debug\helloworld\amd64\helloworld.tlog\link.write.1.tlog
