d:\document\edukasi\magang\len\opendds-java\opendds-3.28.1\java\idl2jni\codegen\debug\idl2jni_codegen\amd64\vc143.pdb
d:\document\edukasi\magang\len\opendds-java\opendds-3.28.1\java\idl2jni\codegen\debug\idl2jni_codegen\amd64\vc143.idb
d:\document\edukasi\magang\len\opendds-java\opendds-3.28.1\java\idl2jni\codegen\debug\idl2jni_codegen\amd64\im_jni.obj
d:\document\edukasi\magang\len\opendds-java\opendds-3.28.1\java\idl2jni\codegen\debug\idl2jni_codegen\amd64\im_java.obj
d:\document\edukasi\magang\len\opendds-java\opendds-3.28.1\java\idl2jni\codegen\debug\idl2jni_codegen\amd64\idl_mapping.obj
d:\document\edukasi\magang\len\opendds-java\opendds-3.28.1\java\idl2jni\codegen\debug\idl2jni_codegen\amd64\idl2jni_visitor.obj
d:\document\edukasi\magang\len\opendds-java\opendds-3.28.1\java\idl2jni\codegen\debug\idl2jni_codegen\amd64\idl2jni.obj
d:\document\edukasi\magang\len\opendds-java\opendds-3.28.1\java\idl2jni\codegen\debug\idl2jni_codegen\amd64\drv_preproc.obj
d:\document\edukasi\magang\len\opendds-java\opendds-3.28.1\java\idl2jni\codegen\debug\idl2jni_codegen\amd64\drv_args.obj
d:\document\edukasi\magang\len\opendds-java\opendds-3.28.1\java\idl2jni\codegen\debug\idl2jni_codegen\amd64\be_util.obj
d:\document\edukasi\magang\len\opendds-java\opendds-3.28.1\java\idl2jni\codegen\debug\idl2jni_codegen\amd64\be_produce.obj
d:\document\edukasi\magang\len\opendds-java\opendds-3.28.1\java\idl2jni\codegen\debug\idl2jni_codegen\amd64\be_init.obj
d:\document\edukasi\magang\len\opendds-java\opendds-3.28.1\java\idl2jni\codegen\debug\idl2jni_codegen\amd64\be_global.obj
d:\document\edukasi\magang\len\opendds-java\opendds-3.28.1\bin\idl2jni.exe
d:\document\edukasi\magang\len\opendds-java\opendds-3.28.1\bin\idl2jni_exe.pdb
d:\document\edukasi\magang\len\opendds-java\opendds-3.28.1\java\idl2jni\codegen\debug\idl2jni_codegen\amd64\idl2jni.ilk
d:\document\edukasi\magang\len\opendds-java\opendds-3.28.1\java\idl2jni\codegen\debug\idl2jni_codegen\amd64\idl2jni_codegen.tlog\cl.command.1.tlog
d:\document\edukasi\magang\len\opendds-java\opendds-3.28.1\java\idl2jni\codegen\debug\idl2jni_codegen\amd64\idl2jni_codegen.tlog\cl.items.tlog
d:\document\edukasi\magang\len\opendds-java\opendds-3.28.1\java\idl2jni\codegen\debug\idl2jni_codegen\amd64\idl2jni_codegen.tlog\cl.read.1.tlog
d:\document\edukasi\magang\len\opendds-java\opendds-3.28.1\java\idl2jni\codegen\debug\idl2jni_codegen\amd64\idl2jni_codegen.tlog\cl.write.1.tlog
d:\document\edukasi\magang\len\opendds-java\opendds-3.28.1\java\idl2jni\codegen\debug\idl2jni_codegen\amd64\idl2jni_codegen.tlog\link.command.1.tlog
d:\document\edukasi\magang\len\opendds-java\opendds-3.28.1\java\idl2jni\codegen\debug\idl2jni_codegen\amd64\idl2jni_codegen.tlog\link.read.1.tlog
d:\document\edukasi\magang\len\opendds-java\opendds-3.28.1\java\idl2jni\codegen\debug\idl2jni_codegen\amd64\idl2jni_codegen.tlog\link.secondary.1.tlog
d:\document\edukasi\magang\len\opendds-java\opendds-3.28.1\java\idl2jni\codegen\debug\idl2jni_codegen\amd64\idl2jni_codegen.tlog\link.write.1.tlog
