d:\document\edukasi\magang\len\opendds-java\opendds-3.28.1\java\idl2jni\runtime\debug\idl2jni_runtime\amd64\vc143.pdb
d:\document\edukasi\magang\len\opendds-java\opendds-3.28.1\java\idl2jni\runtime\debug\idl2jni_runtime\amd64\vc143.idb
d:\document\edukasi\magang\len\opendds-java\opendds-3.28.1\java\idl2jni\runtime\debug\idl2jni_runtime\amd64\idl2jni_runtime.obj
d:\document\edukasi\magang\len\opendds-java\opendds-3.28.1\java\idl2jni\runtime\debug\idl2jni_runtime\amd64\i2jrt_taoobject.obj
d:\document\edukasi\magang\len\opendds-java\opendds-3.28.1\java\idl2jni\runtime\debug\idl2jni_runtime\amd64\i2jrt_orb.obj
d:\document\edukasi\magang\len\opendds-java\opendds-3.28.1\java\idl2jni\runtime\classes\i2jrt\orb.class
d:\document\edukasi\magang\len\opendds-java\opendds-3.28.1\java\idl2jni\runtime\classes\i2jrt\taolocalobject.class
d:\document\edukasi\magang\len\opendds-java\opendds-3.28.1\java\idl2jni\runtime\classes\i2jrt\taoobject.class
d:\document\edukasi\magang\len\opendds-java\opendds-3.28.1\java\idl2jni\runtime\i2jrt_orb.h
d:\document\edukasi\magang\len\opendds-java\opendds-3.28.1\java\idl2jni\runtime\i2jrt_taoobject.h
d:\document\edukasi\magang\len\opendds-java\opendds-3.28.1\lib\idl2jni_runtimed.dll
d:\document\edukasi\magang\len\opendds-java\opendds-3.28.1\lib\idl2jni_runtimed_dll.pdb
d:\document\edukasi\magang\len\opendds-java\opendds-3.28.1\java\idl2jni\runtime\debug\idl2jni_runtime\amd64\idl2jni_runtime.res
d:\document\edukasi\magang\len\opendds-java\opendds-3.28.1\lib\idl2jni_runtimed.lib
d:\document\edukasi\magang\len\opendds-java\opendds-3.28.1\lib\idl2jni_runtimed.exp
d:\document\edukasi\magang\len\opendds-java\opendds-3.28.1\java\idl2jni\runtime\debug\idl2jni_runtime\amd64\idl2jni_runtimed.ilk
d:\document\edukasi\magang\len\opendds-java\opendds-3.28.1\java\idl2jni\runtime\debug\idl2jni_runtime\amd64\idl2jni_runtime.tlog\cl.command.1.tlog
d:\document\edukasi\magang\len\opendds-java\opendds-3.28.1\java\idl2jni\runtime\debug\idl2jni_runtime\amd64\idl2jni_runtime.tlog\cl.items.tlog
d:\document\edukasi\magang\len\opendds-java\opendds-3.28.1\java\idl2jni\runtime\debug\idl2jni_runtime\amd64\idl2jni_runtime.tlog\cl.read.1.tlog
d:\document\edukasi\magang\len\opendds-java\opendds-3.28.1\java\idl2jni\runtime\debug\idl2jni_runtime\amd64\idl2jni_runtime.tlog\cl.write.1.tlog
d:\document\edukasi\magang\len\opendds-java\opendds-3.28.1\java\idl2jni\runtime\debug\idl2jni_runtime\amd64\idl2jni_runtime.tlog\custombuild.command.1.tlog
d:\document\edukasi\magang\len\opendds-java\opendds-3.28.1\java\idl2jni\runtime\debug\idl2jni_runtime\amd64\idl2jni_runtime.tlog\custombuild.read.1.tlog
d:\document\edukasi\magang\len\opendds-java\opendds-3.28.1\java\idl2jni\runtime\debug\idl2jni_runtime\amd64\idl2jni_runtime.tlog\custombuild.write.1.tlog
d:\document\edukasi\magang\len\opendds-java\opendds-3.28.1\java\idl2jni\runtime\debug\idl2jni_runtime\amd64\idl2jni_runtime.tlog\link.command.1.tlog
d:\document\edukasi\magang\len\opendds-java\opendds-3.28.1\java\idl2jni\runtime\debug\idl2jni_runtime\amd64\idl2jni_runtime.tlog\link.read.1.tlog
d:\document\edukasi\magang\len\opendds-java\opendds-3.28.1\java\idl2jni\runtime\debug\idl2jni_runtime\amd64\idl2jni_runtime.tlog\link.secondary.1.tlog
d:\document\edukasi\magang\len\opendds-java\opendds-3.28.1\java\idl2jni\runtime\debug\idl2jni_runtime\amd64\idl2jni_runtime.tlog\link.write.1.tlog
d:\document\edukasi\magang\len\opendds-java\opendds-3.28.1\java\idl2jni\runtime\debug\idl2jni_runtime\amd64\idl2jni_runtime.tlog\rc.command.1.tlog
d:\document\edukasi\magang\len\opendds-java\opendds-3.28.1\java\idl2jni\runtime\debug\idl2jni_runtime\amd64\idl2jni_runtime.tlog\rc.read.1.tlog
d:\document\edukasi\magang\len\opendds-java\opendds-3.28.1\java\idl2jni\runtime\debug\idl2jni_runtime\amd64\idl2jni_runtime.tlog\rc.write.1.tlog
