d:\document\edukasi\magang\len\opendds-java\opendds-3.28.1\java\tao\debug\tao_java\amd64\vc143.pdb
d:\document\edukasi\magang\len\opendds-java\opendds-3.28.1\java\tao\debug\tao_java\amd64\vc143.idb
d:\document\edukasi\magang\len\opendds-java\opendds-3.28.1\java\tao\debug\tao_java\amd64\ushortseqjc.obj
d:\document\edukasi\magang\len\opendds-java\opendds-3.28.1\java\tao\debug\tao_java\amd64\ulongseqjc.obj
d:\document\edukasi\magang\len\opendds-java\opendds-3.28.1\java\tao\debug\tao_java\amd64\ulonglongseqjc.obj
d:\document\edukasi\magang\len\opendds-java\opendds-3.28.1\java\tao\debug\tao_java\amd64\stringseqjc.obj
d:\document\edukasi\magang\len\opendds-java\opendds-3.28.1\java\tao\debug\tao_java\amd64\shortseqjc.obj
d:\document\edukasi\magang\len\opendds-java\opendds-3.28.1\java\tao\debug\tao_java\amd64\octetseqjc.obj
d:\document\edukasi\magang\len\opendds-java\opendds-3.28.1\java\tao\debug\tao_java\amd64\longseqjc.obj
d:\document\edukasi\magang\len\opendds-java\opendds-3.28.1\java\tao\debug\tao_java\amd64\longlongseqjc.obj
d:\document\edukasi\magang\len\opendds-java\opendds-3.28.1\java\tao\debug\tao_java\amd64\floatseqjc.obj
d:\document\edukasi\magang\len\opendds-java\opendds-3.28.1\java\tao\debug\tao_java\amd64\doubleseqjc.obj
d:\document\edukasi\magang\len\opendds-java\opendds-3.28.1\java\tao\debug\tao_java\amd64\charseqjc.obj
d:\document\edukasi\magang\len\opendds-java\opendds-3.28.1\java\tao\debug\tao_java\amd64\booleanseqjc.obj
d:\document\edukasi\magang\len\opendds-java\opendds-3.28.1\java\tao\classes\corba\booleanseqhelper.class
d:\document\edukasi\magang\len\opendds-java\opendds-3.28.1\java\tao\classes\corba\booleanseqholder.class
d:\document\edukasi\magang\len\opendds-java\opendds-3.28.1\java\tao\classes\corba\charseqhelper.class
d:\document\edukasi\magang\len\opendds-java\opendds-3.28.1\java\tao\classes\corba\charseqholder.class
d:\document\edukasi\magang\len\opendds-java\opendds-3.28.1\java\tao\classes\corba\doubleseqhelper.class
d:\document\edukasi\magang\len\opendds-java\opendds-3.28.1\java\tao\classes\corba\doubleseqholder.class
d:\document\edukasi\magang\len\opendds-java\opendds-3.28.1\java\tao\classes\corba\floatseqhelper.class
d:\document\edukasi\magang\len\opendds-java\opendds-3.28.1\java\tao\classes\corba\floatseqholder.class
d:\document\edukasi\magang\len\opendds-java\opendds-3.28.1\java\tao\classes\corba\longlongseqhelper.class
d:\document\edukasi\magang\len\opendds-java\opendds-3.28.1\java\tao\classes\corba\longlongseqholder.class
d:\document\edukasi\magang\len\opendds-java\opendds-3.28.1\java\tao\classes\corba\longseqhelper.class
d:\document\edukasi\magang\len\opendds-java\opendds-3.28.1\java\tao\classes\corba\longseqholder.class
d:\document\edukasi\magang\len\opendds-java\opendds-3.28.1\java\tao\classes\corba\octetseqhelper.class
d:\document\edukasi\magang\len\opendds-java\opendds-3.28.1\java\tao\classes\corba\octetseqholder.class
d:\document\edukasi\magang\len\opendds-java\opendds-3.28.1\java\tao\classes\corba\shortseqhelper.class
d:\document\edukasi\magang\len\opendds-java\opendds-3.28.1\java\tao\classes\corba\shortseqholder.class
d:\document\edukasi\magang\len\opendds-java\opendds-3.28.1\java\tao\classes\corba\stringseqhelper.class
d:\document\edukasi\magang\len\opendds-java\opendds-3.28.1\java\tao\classes\corba\stringseqholder.class
d:\document\edukasi\magang\len\opendds-java\opendds-3.28.1\java\tao\classes\corba\ulonglongseqhelper.class
d:\document\edukasi\magang\len\opendds-java\opendds-3.28.1\java\tao\classes\corba\ulonglongseqholder.class
d:\document\edukasi\magang\len\opendds-java\opendds-3.28.1\java\tao\classes\corba\ulongseqhelper.class
d:\document\edukasi\magang\len\opendds-java\opendds-3.28.1\java\tao\classes\corba\ulongseqholder.class
d:\document\edukasi\magang\len\opendds-java\opendds-3.28.1\java\tao\classes\corba\ushortseqhelper.class
d:\document\edukasi\magang\len\opendds-java\opendds-3.28.1\java\tao\classes\corba\ushortseqholder.class
d:\document\edukasi\magang\len\opendds-java\opendds-3.28.1\java\tao\booleanseqjc.cpp
d:\document\edukasi\magang\len\opendds-java\opendds-3.28.1\java\tao\booleanseqjc.h
d:\document\edukasi\magang\len\opendds-java\opendds-3.28.1\java\tao\corba\booleanseqhelper.java
d:\document\edukasi\magang\len\opendds-java\opendds-3.28.1\java\tao\corba\booleanseqholder.java
d:\document\edukasi\magang\len\opendds-java\opendds-3.28.1\java\tao\charseqjc.cpp
d:\document\edukasi\magang\len\opendds-java\opendds-3.28.1\java\tao\charseqjc.h
d:\document\edukasi\magang\len\opendds-java\opendds-3.28.1\java\tao\corba\charseqhelper.java
d:\document\edukasi\magang\len\opendds-java\opendds-3.28.1\java\tao\corba\charseqholder.java
d:\document\edukasi\magang\len\opendds-java\opendds-3.28.1\java\tao\corba\doubleseqhelper.java
d:\document\edukasi\magang\len\opendds-java\opendds-3.28.1\java\tao\corba\doubleseqholder.java
d:\document\edukasi\magang\len\opendds-java\opendds-3.28.1\java\tao\doubleseqjc.cpp
d:\document\edukasi\magang\len\opendds-java\opendds-3.28.1\java\tao\doubleseqjc.h
d:\document\edukasi\magang\len\opendds-java\opendds-3.28.1\java\tao\corba\floatseqhelper.java
d:\document\edukasi\magang\len\opendds-java\opendds-3.28.1\java\tao\corba\floatseqholder.java
d:\document\edukasi\magang\len\opendds-java\opendds-3.28.1\java\tao\floatseqjc.cpp
d:\document\edukasi\magang\len\opendds-java\opendds-3.28.1\java\tao\floatseqjc.h
d:\document\edukasi\magang\len\opendds-java\opendds-3.28.1\java\tao\corba\longlongseqhelper.java
d:\document\edukasi\magang\len\opendds-java\opendds-3.28.1\java\tao\corba\longlongseqholder.java
d:\document\edukasi\magang\len\opendds-java\opendds-3.28.1\java\tao\longlongseqjc.cpp
d:\document\edukasi\magang\len\opendds-java\opendds-3.28.1\java\tao\longlongseqjc.h
d:\document\edukasi\magang\len\opendds-java\opendds-3.28.1\java\tao\corba\longseqhelper.java
d:\document\edukasi\magang\len\opendds-java\opendds-3.28.1\java\tao\corba\longseqholder.java
d:\document\edukasi\magang\len\opendds-java\opendds-3.28.1\java\tao\longseqjc.cpp
d:\document\edukasi\magang\len\opendds-java\opendds-3.28.1\java\tao\longseqjc.h
d:\document\edukasi\magang\len\opendds-java\opendds-3.28.1\java\tao\corba\octetseqhelper.java
d:\document\edukasi\magang\len\opendds-java\opendds-3.28.1\java\tao\corba\octetseqholder.java
d:\document\edukasi\magang\len\opendds-java\opendds-3.28.1\java\tao\octetseqjc.cpp
d:\document\edukasi\magang\len\opendds-java\opendds-3.28.1\java\tao\octetseqjc.h
d:\document\edukasi\magang\len\opendds-java\opendds-3.28.1\java\tao\corba\shortseqhelper.java
d:\document\edukasi\magang\len\opendds-java\opendds-3.28.1\java\tao\corba\shortseqholder.java
d:\document\edukasi\magang\len\opendds-java\opendds-3.28.1\java\tao\shortseqjc.cpp
d:\document\edukasi\magang\len\opendds-java\opendds-3.28.1\java\tao\shortseqjc.h
d:\document\edukasi\magang\len\opendds-java\opendds-3.28.1\java\tao\corba\stringseqhelper.java
d:\document\edukasi\magang\len\opendds-java\opendds-3.28.1\java\tao\corba\stringseqholder.java
d:\document\edukasi\magang\len\opendds-java\opendds-3.28.1\java\tao\stringseqjc.cpp
d:\document\edukasi\magang\len\opendds-java\opendds-3.28.1\java\tao\stringseqjc.h
d:\document\edukasi\magang\len\opendds-java\opendds-3.28.1\java\tao\corba\ulonglongseqhelper.java
d:\document\edukasi\magang\len\opendds-java\opendds-3.28.1\java\tao\corba\ulonglongseqholder.java
d:\document\edukasi\magang\len\opendds-java\opendds-3.28.1\java\tao\ulonglongseqjc.cpp
d:\document\edukasi\magang\len\opendds-java\opendds-3.28.1\java\tao\ulonglongseqjc.h
d:\document\edukasi\magang\len\opendds-java\opendds-3.28.1\java\tao\corba\ulongseqhelper.java
d:\document\edukasi\magang\len\opendds-java\opendds-3.28.1\java\tao\corba\ulongseqholder.java
d:\document\edukasi\magang\len\opendds-java\opendds-3.28.1\java\tao\ulongseqjc.cpp
d:\document\edukasi\magang\len\opendds-java\opendds-3.28.1\java\tao\ulongseqjc.h
d:\document\edukasi\magang\len\opendds-java\opendds-3.28.1\java\tao\corba\ushortseqhelper.java
d:\document\edukasi\magang\len\opendds-java\opendds-3.28.1\java\tao\corba\ushortseqholder.java
d:\document\edukasi\magang\len\opendds-java\opendds-3.28.1\java\tao\ushortseqjc.cpp
d:\document\edukasi\magang\len\opendds-java\opendds-3.28.1\java\tao\ushortseqjc.h
d:\document\edukasi\magang\len\opendds-java\opendds-3.28.1\lib\tao_javad.dll
d:\document\edukasi\magang\len\opendds-java\opendds-3.28.1\lib\tao_javad_dll.pdb
d:\document\edukasi\magang\len\opendds-java\opendds-3.28.1\java\tao\debug\tao_java\amd64\tao_java.res
d:\document\edukasi\magang\len\opendds-java\opendds-3.28.1\lib\tao_javad.lib
d:\document\edukasi\magang\len\opendds-java\opendds-3.28.1\lib\tao_javad.exp
d:\document\edukasi\magang\len\opendds-java\opendds-3.28.1\java\tao\debug\tao_java\amd64\tao_javad.ilk
d:\document\edukasi\magang\len\opendds-java\opendds-3.28.1\java\tao\debug\tao_java\amd64\tao_java.tlog\cl.command.1.tlog
d:\document\edukasi\magang\len\opendds-java\opendds-3.28.1\java\tao\debug\tao_java\amd64\tao_java.tlog\cl.items.tlog
d:\document\edukasi\magang\len\opendds-java\opendds-3.28.1\java\tao\debug\tao_java\amd64\tao_java.tlog\cl.read.1.tlog
d:\document\edukasi\magang\len\opendds-java\opendds-3.28.1\java\tao\debug\tao_java\amd64\tao_java.tlog\cl.write.1.tlog
d:\document\edukasi\magang\len\opendds-java\opendds-3.28.1\java\tao\debug\tao_java\amd64\tao_java.tlog\custombuild.command.1.tlog
d:\document\edukasi\magang\len\opendds-java\opendds-3.28.1\java\tao\debug\tao_java\amd64\tao_java.tlog\custombuild.read.1.tlog
d:\document\edukasi\magang\len\opendds-java\opendds-3.28.1\java\tao\debug\tao_java\amd64\tao_java.tlog\custombuild.write.1.tlog
d:\document\edukasi\magang\len\opendds-java\opendds-3.28.1\java\tao\debug\tao_java\amd64\tao_java.tlog\link.command.1.tlog
d:\document\edukasi\magang\len\opendds-java\opendds-3.28.1\java\tao\debug\tao_java\amd64\tao_java.tlog\link.read.1.tlog
d:\document\edukasi\magang\len\opendds-java\opendds-3.28.1\java\tao\debug\tao_java\amd64\tao_java.tlog\link.secondary.1.tlog
d:\document\edukasi\magang\len\opendds-java\opendds-3.28.1\java\tao\debug\tao_java\amd64\tao_java.tlog\link.write.1.tlog
d:\document\edukasi\magang\len\opendds-java\opendds-3.28.1\java\tao\debug\tao_java\amd64\tao_java.tlog\rc.command.1.tlog
d:\document\edukasi\magang\len\opendds-java\opendds-3.28.1\java\tao\debug\tao_java\amd64\tao_java.tlog\rc.read.1.tlog
d:\document\edukasi\magang\len\opendds-java\opendds-3.28.1\java\tao\debug\tao_java\amd64\tao_java.tlog\rc.write.1.tlog
