d:\document\edukasi\magang\len\opendds-java\opendds-3.28.1\java\idl2jni\corba\classes\org\omg\corba\activity_completed.class
d:\document\edukasi\magang\len\opendds-java\opendds-3.28.1\java\idl2jni\corba\classes\org\omg\corba\activity_required.class
d:\document\edukasi\magang\len\opendds-java\opendds-3.28.1\java\idl2jni\corba\classes\org\omg\corba\bad_context.class
d:\document\edukasi\magang\len\opendds-java\opendds-3.28.1\java\idl2jni\corba\classes\org\omg\corba\bad_inv_order.class
d:\document\edukasi\magang\len\opendds-java\opendds-3.28.1\java\idl2jni\corba\classes\org\omg\corba\bad_operation.class
d:\document\edukasi\magang\len\opendds-java\opendds-3.28.1\java\idl2jni\corba\classes\org\omg\corba\bad_param.class
d:\document\edukasi\magang\len\opendds-java\opendds-3.28.1\java\idl2jni\corba\classes\org\omg\corba\bad_qos.class
d:\document\edukasi\magang\len\opendds-java\opendds-3.28.1\java\idl2jni\corba\classes\org\omg\corba\bad_typecode.class
d:\document\edukasi\magang\len\opendds-java\opendds-3.28.1\java\idl2jni\corba\classes\org\omg\corba\booleanholder.class
d:\document\edukasi\magang\len\opendds-java\opendds-3.28.1\java\idl2jni\corba\classes\org\omg\corba\byteholder.class
d:\document\edukasi\magang\len\opendds-java\opendds-3.28.1\java\idl2jni\corba\classes\org\omg\corba\charholder.class
d:\document\edukasi\magang\len\opendds-java\opendds-3.28.1\java\idl2jni\corba\classes\org\omg\corba\codeset_incompatible.class
d:\document\edukasi\magang\len\opendds-java\opendds-3.28.1\java\idl2jni\corba\classes\org\omg\corba\comm_failure.class
d:\document\edukasi\magang\len\opendds-java\opendds-3.28.1\java\idl2jni\corba\classes\org\omg\corba\completionstatus.class
d:\document\edukasi\magang\len\opendds-java\opendds-3.28.1\java\idl2jni\corba\classes\org\omg\corba\context.class
d:\document\edukasi\magang\len\opendds-java\opendds-3.28.1\java\idl2jni\corba\classes\org\omg\corba\contextlist.class
d:\document\edukasi\magang\len\opendds-java\opendds-3.28.1\java\idl2jni\corba\classes\org\omg\corba\data_conversion.class
d:\document\edukasi\magang\len\opendds-java\opendds-3.28.1\java\idl2jni\corba\classes\org\omg\corba\domainmanager.class
d:\document\edukasi\magang\len\opendds-java\opendds-3.28.1\java\idl2jni\corba\classes\org\omg\corba\doubleholder.class
d:\document\edukasi\magang\len\opendds-java\opendds-3.28.1\java\idl2jni\corba\classes\org\omg\corba\exceptionlist.class
d:\document\edukasi\magang\len\opendds-java\opendds-3.28.1\java\idl2jni\corba\classes\org\omg\corba\floatholder.class
d:\document\edukasi\magang\len\opendds-java\opendds-3.28.1\java\idl2jni\corba\classes\org\omg\corba\free_mem.class
d:\document\edukasi\magang\len\opendds-java\opendds-3.28.1\java\idl2jni\corba\classes\org\omg\corba\imp_limit.class
d:\document\edukasi\magang\len\opendds-java\opendds-3.28.1\java\idl2jni\corba\classes\org\omg\corba\initialize.class
d:\document\edukasi\magang\len\opendds-java\opendds-3.28.1\java\idl2jni\corba\classes\org\omg\corba\internal.class
d:\document\edukasi\magang\len\opendds-java\opendds-3.28.1\java\idl2jni\corba\classes\org\omg\corba\intf_repos.class
d:\document\edukasi\magang\len\opendds-java\opendds-3.28.1\java\idl2jni\corba\classes\org\omg\corba\intholder.class
d:\document\edukasi\magang\len\opendds-java\opendds-3.28.1\java\idl2jni\corba\classes\org\omg\corba\inv_flag.class
d:\document\edukasi\magang\len\opendds-java\opendds-3.28.1\java\idl2jni\corba\classes\org\omg\corba\inv_ident.class
d:\document\edukasi\magang\len\opendds-java\opendds-3.28.1\java\idl2jni\corba\classes\org\omg\corba\inv_objref.class
d:\document\edukasi\magang\len\opendds-java\opendds-3.28.1\java\idl2jni\corba\classes\org\omg\corba\inv_policy.class
d:\document\edukasi\magang\len\opendds-java\opendds-3.28.1\java\idl2jni\corba\classes\org\omg\corba\invalid_activity.class
d:\document\edukasi\magang\len\opendds-java\opendds-3.28.1\java\idl2jni\corba\classes\org\omg\corba\invalid_transaction.class
d:\document\edukasi\magang\len\opendds-java\opendds-3.28.1\java\idl2jni\corba\classes\org\omg\corba\localobject.class
d:\document\edukasi\magang\len\opendds-java\opendds-3.28.1\java\idl2jni\corba\classes\org\omg\corba\longholder.class
d:\document\edukasi\magang\len\opendds-java\opendds-3.28.1\java\idl2jni\corba\classes\org\omg\corba\marshal.class
d:\document\edukasi\magang\len\opendds-java\opendds-3.28.1\java\idl2jni\corba\classes\org\omg\corba\namedvalue.class
d:\document\edukasi\magang\len\opendds-java\opendds-3.28.1\java\idl2jni\corba\classes\org\omg\corba\no_implement.class
d:\document\edukasi\magang\len\opendds-java\opendds-3.28.1\java\idl2jni\corba\classes\org\omg\corba\no_memory.class
d:\document\edukasi\magang\len\opendds-java\opendds-3.28.1\java\idl2jni\corba\classes\org\omg\corba\no_permission.class
d:\document\edukasi\magang\len\opendds-java\opendds-3.28.1\java\idl2jni\corba\classes\org\omg\corba\no_resources.class
d:\document\edukasi\magang\len\opendds-java\opendds-3.28.1\java\idl2jni\corba\classes\org\omg\corba\no_response.class
d:\document\edukasi\magang\len\opendds-java\opendds-3.28.1\java\idl2jni\corba\classes\org\omg\corba\nvlist.class
d:\document\edukasi\magang\len\opendds-java\opendds-3.28.1\java\idl2jni\corba\classes\org\omg\corba\obj_adapter.class
d:\document\edukasi\magang\len\opendds-java\opendds-3.28.1\java\idl2jni\corba\classes\org\omg\corba\object.class
d:\document\edukasi\magang\len\opendds-java\opendds-3.28.1\java\idl2jni\corba\classes\org\omg\corba\object_not_exist.class
d:\document\edukasi\magang\len\opendds-java\opendds-3.28.1\java\idl2jni\corba\classes\org\omg\corba\persist_store.class
d:\document\edukasi\magang\len\opendds-java\opendds-3.28.1\java\idl2jni\corba\classes\org\omg\corba\policy.class
d:\document\edukasi\magang\len\opendds-java\opendds-3.28.1\java\idl2jni\corba\classes\org\omg\corba\rebind.class
d:\document\edukasi\magang\len\opendds-java\opendds-3.28.1\java\idl2jni\corba\classes\org\omg\corba\request.class
d:\document\edukasi\magang\len\opendds-java\opendds-3.28.1\java\idl2jni\corba\classes\org\omg\corba\setoverridetype.class
d:\document\edukasi\magang\len\opendds-java\opendds-3.28.1\java\idl2jni\corba\classes\org\omg\corba\shortholder.class
d:\document\edukasi\magang\len\opendds-java\opendds-3.28.1\java\idl2jni\corba\classes\org\omg\corba\stringholder.class
d:\document\edukasi\magang\len\opendds-java\opendds-3.28.1\java\idl2jni\corba\classes\org\omg\corba\stringseqholder.class
d:\document\edukasi\magang\len\opendds-java\opendds-3.28.1\java\idl2jni\corba\classes\org\omg\corba\systemexception.class
d:\document\edukasi\magang\len\opendds-java\opendds-3.28.1\java\idl2jni\corba\classes\org\omg\corba\timeout.class
d:\document\edukasi\magang\len\opendds-java\opendds-3.28.1\java\idl2jni\corba\classes\org\omg\corba\transaction_mode.class
d:\document\edukasi\magang\len\opendds-java\opendds-3.28.1\java\idl2jni\corba\classes\org\omg\corba\transaction_required.class
d:\document\edukasi\magang\len\opendds-java\opendds-3.28.1\java\idl2jni\corba\classes\org\omg\corba\transaction_rolledback.class
d:\document\edukasi\magang\len\opendds-java\opendds-3.28.1\java\idl2jni\corba\classes\org\omg\corba\transaction_unavailable.class
d:\document\edukasi\magang\len\opendds-java\opendds-3.28.1\java\idl2jni\corba\classes\org\omg\corba\transient.class
d:\document\edukasi\magang\len\opendds-java\opendds-3.28.1\java\idl2jni\corba\classes\org\omg\corba\unknown.class
d:\document\edukasi\magang\len\opendds-java\opendds-3.28.1\java\idl2jni\corba\debug\idl2jni_corba\amd64\idl2jni_corba.tlog\custombuild.command.1.tlog
d:\document\edukasi\magang\len\opendds-java\opendds-3.28.1\java\idl2jni\corba\debug\idl2jni_corba\amd64\idl2jni_corba.tlog\custombuild.read.1.tlog
d:\document\edukasi\magang\len\opendds-java\opendds-3.28.1\java\idl2jni\corba\debug\idl2jni_corba\amd64\idl2jni_corba.tlog\custombuild.write.1.tlog
