  Invoking "\bin\idl2jni on \dds\DdsDcpsConditionSeq.idl"
  '\bin\idl2jni' is not recognized as an internal or external command,
  operable program or batch file.
  Invoking "\bin\idl2jni on \dds\DdsDcpsDataReaderSeq.idl"
  '\bin\idl2jni' is not recognized as an internal or external command,
  operable program or batch file.
  Invoking "\bin\idl2jni on \dds\DdsDcpsGuid.idl"
  '\bin\idl2jni' is not recognized as an internal or external command,
  operable program or batch file.
  Invoking "echo on classes\OpenDDS\DCPS\NetworkConfigModifier.class"
  -classpath ../../lib/i2jrt.jar "classes\OpenDDS\DCPS\NetworkConfigModifier.class"
  Invoking "echo on classes\OpenDDS\DCPS\transport\MulticastInst.class"
  -classpath ../../lib/i2jrt.jar "classes\OpenDDS\DCPS\transport\MulticastInst.class"
  Invoking "echo on classes\OpenDDS\DCPS\transport\RtpsUdpInst.class"
  -classpath ../../lib/i2jrt.jar "classes\OpenDDS\DCPS\transport\RtpsUdpInst.class"
  Invoking "echo on classes\OpenDDS\DCPS\transport\TcpInst.class"
  -classpath ../../lib/i2jrt.jar "classes\OpenDDS\DCPS\transport\TcpInst.class"
  Invoking "echo on classes\OpenDDS\DCPS\transport\TransportConfig.class"
  -classpath ../../lib/i2jrt.jar "classes\OpenDDS\DCPS\transport\TransportConfig.class"
  Invoking "echo on classes\OpenDDS\DCPS\transport\TransportInst.class"
  -classpath ../../lib/i2jrt.jar "classes\OpenDDS\DCPS\transport\TransportInst.class"
  Invoking "echo on classes\OpenDDS\DCPS\transport\UdpInst.class"
  -classpath ../../lib/i2jrt.jar "classes\OpenDDS\DCPS\transport\UdpInst.class"
  Invoking "\bin\idl2jni and \bin\opendds_idl on \dds\DdsDcpsCore.idl"
  '\bin\idl2jni' is not recognized as an internal or external command,
  operable program or batch file.
  Invoking "\bin\idl2jni and \bin\opendds_idl on \dds\OpenddsDcpsExt.idl"
  '\bin\idl2jni' is not recognized as an internal or external command,
  operable program or batch file.
  Invoking "\bin\idl2jni on \dds\DdsDcpsInfrastructure.idl"
  '\bin\idl2jni' is not recognized as an internal or external command,
  operable program or batch file.
  Invoking "perl on DDS\DATAREADER_QOS_DEFAULT.java"
  Can't open perl script "/java/build_scripts/javac_wrapper.pl": No such file or directory
  Invoking "perl on DDS\DATAREADER_QOS_USE_TOPIC_QOS.java"
  Can't open perl script "/java/build_scripts/javac_wrapper.pl": No such file or directory
  Invoking "perl on DDS\DATAWRITER_QOS_DEFAULT.java"
  Can't open perl script "/java/build_scripts/javac_wrapper.pl": No such file or directory
  Invoking "perl on DDS\DATAWRITER_QOS_USE_TOPIC_QOS.java"
  Can't open perl script "/java/build_scripts/javac_wrapper.pl": No such file or directory
  Invoking "perl on DDS\PARTICIPANT_QOS_DEFAULT.java"
  Can't open perl script "/java/build_scripts/javac_wrapper.pl": No such file or directory
  Invoking "perl on DDS\PUBLISHER_QOS_DEFAULT.java"
  Can't open perl script "/java/build_scripts/javac_wrapper.pl": No such file or directory
  Invoking "perl on DDS\SUBSCRIBER_QOS_DEFAULT.java"
  Can't open perl script "/java/build_scripts/javac_wrapper.pl": No such file or directory
  Invoking "perl on DDS\TOPIC_QOS_DEFAULT.java"
  Can't open perl script "/java/build_scripts/javac_wrapper.pl": No such file or directory
  Invoking "perl on DDS\GuardCondition.java"
  Can't open perl script "/java/build_scripts/javac_wrapper.pl": No such file or directory
  Invoking "perl on DDS\WaitSet.java"
  Can't open perl script "/java/build_scripts/javac_wrapper.pl": No such file or directory
  Invoking "perl on DDS\Entity.java"
  Can't open perl script "/java/build_scripts/javac_wrapper.pl": No such file or directory
  Invoking "perl on DDS\Listener.java"
  Can't open perl script "/java/build_scripts/javac_wrapper.pl": No such file or directory
  Invoking "\bin\idl2jni on \dds\DdsDcpsTopic.idl"
  '\bin\idl2jni' is not recognized as an internal or external command,
  operable program or batch file.
  Invoking "echo on classes\DDS\DATAREADER_QOS_DEFAULT.class"
  -classpath ../../lib/i2jrt.jar "classes\DDS\DATAREADER_QOS_DEFAULT.class"
  Invoking "echo on classes\DDS\DATAREADER_QOS_USE_TOPIC_QOS.class"
  -classpath ../../lib/i2jrt.jar "classes\DDS\DATAREADER_QOS_USE_TOPIC_QOS.class"
  Invoking "echo on classes\DDS\DATAWRITER_QOS_DEFAULT.class"
  -classpath ../../lib/i2jrt.jar "classes\DDS\DATAWRITER_QOS_DEFAULT.class"
  Invoking "echo on classes\DDS\DATAWRITER_QOS_USE_TOPIC_QOS.class"
  -classpath ../../lib/i2jrt.jar "classes\DDS\DATAWRITER_QOS_USE_TOPIC_QOS.class"
  Invoking "echo on classes\DDS\PARTICIPANT_QOS_DEFAULT.class"
  -classpath ../../lib/i2jrt.jar "classes\DDS\PARTICIPANT_QOS_DEFAULT.class"
  Invoking "echo on classes\DDS\PUBLISHER_QOS_DEFAULT.class"
  -classpath ../../lib/i2jrt.jar "classes\DDS\PUBLISHER_QOS_DEFAULT.class"
  Invoking "echo on classes\DDS\SUBSCRIBER_QOS_DEFAULT.class"
  -classpath ../../lib/i2jrt.jar "classes\DDS\SUBSCRIBER_QOS_DEFAULT.class"
  Invoking "echo on classes\DDS\TOPIC_QOS_DEFAULT.class"
  -classpath ../../lib/i2jrt.jar "classes\DDS\TOPIC_QOS_DEFAULT.class"
  Invoking "echo on classes\DDS\GuardCondition.class"
  -classpath ../../lib/i2jrt.jar "classes\DDS\GuardCondition.class"
  Invoking "echo on classes\DDS\WaitSet.class"
  -classpath ../../lib/i2jrt.jar "classes\DDS\WaitSet.class"
  Invoking "perl on DDS\TypeSupport.java"
  Can't open perl script "/java/build_scripts/javac_wrapper.pl": No such file or directory
  Invoking "\bin\idl2jni on \dds\DdsDcpsPublication.idl"
  '\bin\idl2jni' is not recognized as an internal or external command,
  operable program or batch file.
  Invoking "\bin\idl2jni on \dds\DdsDcpsSubscription.idl"
  '\bin\idl2jni' is not recognized as an internal or external command,
  operable program or batch file.
  Invoking "perl on DDS\DataWriter.java"
  Can't open perl script "/java/build_scripts/javac_wrapper.pl": No such file or directory
  Invoking "perl on DDS\_DataReaderListenerLocalBase.java"
  Can't open perl script "/java/build_scripts/javac_wrapper.pl": No such file or directory
  Invoking "perl on DDS\DataReaderListener.java"
  Can't open perl script "/java/build_scripts/javac_wrapper.pl": No such file or directory
  Invoking "\bin\idl2jni on \dds\DdsDcpsDomain.idl"
  '\bin\idl2jni' is not recognized as an internal or external command,
  operable program or batch file.
  Invoking "\bin\idl2jni on \dds\DdsDcpsSubscriptionExt.idl"
  '\bin\idl2jni' is not recognized as an internal or external command,
  operable program or batch file.
  Invoking "perl on OpenDDS\DCPS\TheServiceParticipant.java"
  Can't open perl script "/java/build_scripts/javac_wrapper.pl": No such file or directory
  Invoking "perl on OpenDDS\DCPS\TheParticipantFactory.java"
  Can't open perl script "/java/build_scripts/javac_wrapper.pl": No such file or directory
  Invoking "perl on OpenDDS\DCPS\transport\TheTransportRegistry.java"
  Can't open perl script "/java/build_scripts/javac_wrapper.pl": No such file or directory
  Invoking "\bin\idl2jni on \dds\DdsDcpsTypeSupportExt.idl"
  '\bin\idl2jni' is not recognized as an internal or external command,
  operable program or batch file.
  Invoking "echo on classes\OpenDDS\DCPS\TheServiceParticipant.class"
  -classpath ../../lib/i2jrt.jar "classes\OpenDDS\DCPS\TheServiceParticipant.class"
  Invoking "echo on classes\OpenDDS\DCPS\TheParticipantFactory.class"
  -classpath ../../lib/i2jrt.jar "classes\OpenDDS\DCPS\TheParticipantFactory.class"
  Invoking "echo on classes\OpenDDS\DCPS\transport\TheTransportRegistry.class"
  -classpath ../../lib/i2jrt.jar "classes\OpenDDS\DCPS\transport\TheTransportRegistry.class"
  Invoking "\bin\idl2jni on \dds\DdsDcpsCoreTypeSupport.idl"
  '\bin\idl2jni' is not recognized as an internal or external command,
  operable program or batch file.
  Invoking "perl on OpenDDS\DCPS\TypeSupport.java"
  Can't open perl script "/java/build_scripts/javac_wrapper.pl": No such file or directory
  Invoking "\bin\idl2jni on \dds\OpenddsDcpsExtTypeSupport.idl"
  '\bin\idl2jni' is not recognized as an internal or external command,
  operable program or batch file.
  Invoking "perl on DDS\ParticipantBuiltinTopicDataTypeSupportImpl.java"
  Can't open perl script "/java/build_scripts/javac_wrapper.pl": No such file or directory
  Invoking "perl on DDS\PublicationBuiltinTopicDataTypeSupportImpl.java"
  Can't open perl script "/java/build_scripts/javac_wrapper.pl": No such file or directory
  Invoking "perl on DDS\SubscriptionBuiltinTopicDataTypeSupportImpl.java"
  Can't open perl script "/java/build_scripts/javac_wrapper.pl": No such file or directory
  Invoking "perl on DDS\TopicBuiltinTopicDataTypeSupportImpl.java"
  Can't open perl script "/java/build_scripts/javac_wrapper.pl": No such file or directory
  Invoking "perl on OpenDDS\DCPS\ConnectionRecordTypeSupportImpl.java"
  Can't open perl script "/java/build_scripts/javac_wrapper.pl": No such file or directory
  Invoking "perl on OpenDDS\DCPS\InternalThreadBuiltinTopicDataTypeSupportImpl.java"
  Can't open perl script "/java/build_scripts/javac_wrapper.pl": No such file or directory
  Invoking "perl on OpenDDS\DCPS\ParticipantLocationBuiltinTopicDataTypeSupportImpl.java"
  Can't open perl script "/java/build_scripts/javac_wrapper.pl": No such file or directory
C:\Program Files\Microsoft Visual Studio\2022\Community\MSBuild\Microsoft\VC\v170\Microsoft.CppCommon.targets(254,5): error MSB8066: Custom build for 'DDS\_DataReaderListenerLocalBase.java;DDS\DATAREADER_QOS_DEFAULT.java;DDS\DATAREADER_QOS_USE_TOPIC_QOS.java;DDS\DataReaderListener.java;DDS\DataWriter.java;DDS\DATAWRITER_QOS_DEFAULT.java;DDS\DATAWRITER_QOS_USE_TOPIC_QOS.java;DDS\Entity.java;DDS\GuardCondition.java;DDS\Listener.java;DDS\PARTICIPANT_QOS_DEFAULT.java;DDS\ParticipantBuiltinTopicDataTypeSupportImpl.java;DDS\PublicationBuiltinTopicDataTypeSupportImpl.java;DDS\PUBLISHER_QOS_DEFAULT.java;DDS\SUBSCRIBER_QOS_DEFAULT.java;DDS\SubscriptionBuiltinTopicDataTypeSupportImpl.java;DDS\TOPIC_QOS_DEFAULT.java;DDS\TopicBuiltinTopicDataTypeSupportImpl.java;DDS\TypeSupport.java;DDS\WaitSet.java;OpenDDS\DCPS\ConnectionRecordTypeSupportImpl.java;OpenDDS\DCPS\InternalThreadBuiltinTopicDataTypeSupportImpl.java;OpenDDS\DCPS\ParticipantLocationBuiltinTopicDataTypeSupportImpl.java;OpenDDS\DCPS\TheParticipantFactory.java;OpenDDS\DCPS\TheServiceParticipant.java;OpenDDS\DCPS\transport\TheTransportRegistry.java;OpenDDS\DCPS\TypeSupport.java;\dds\DdsDcpsConditionSeq.idl;\dds\DdsDcpsCoreTypeSupport.idl;\dds\DdsDcpsDataReaderSeq.idl;\dds\DdsDcpsDomain.idl;\dds\DdsDcpsGuid.idl;\dds\DdsDcpsInfrastructure.idl;\dds\DdsDcpsPublication.idl;\dds\DdsDcpsSubscription.idl;\dds\DdsDcpsSubscriptionExt.idl;\dds\DdsDcpsTopic.idl;\dds\DdsDcpsTypeSupportExt.idl;\dds\OpenddsDcpsExtTypeSupport.idl;classes\DDS\DATAREADER_QOS_DEFAULT.class;classes\DDS\DATAREADER_QOS_USE_TOPIC_QOS.class;classes\DDS\DATAWRITER_QOS_DEFAULT.class;classes\DDS\DATAWRITER_QOS_USE_TOPIC_QOS.class;classes\DDS\GuardCondition.class;classes\DDS\PARTICIPANT_QOS_DEFAULT.class;classes\DDS\PUBLISHER_QOS_DEFAULT.class;classes\DDS\SUBSCRIBER_QOS_DEFAULT.class;classes\DDS\TOPIC_QOS_DEFAULT.class;classes\DDS\WaitSet.class;classes\OpenDDS\DCPS\NetworkConfigModifier.class;classes\OpenDDS\DCPS\TheParticipantFactory.class;classes\OpenDDS\DCPS\TheServiceParticipant.class;classes\OpenDDS\DCPS\transport\MulticastInst.class;classes\OpenDDS\DCPS\transport\RtpsUdpInst.class;classes\OpenDDS\DCPS\transport\TcpInst.class;classes\OpenDDS\DCPS\transport\TheTransportRegistry.class;classes\OpenDDS\DCPS\transport\TransportConfig.class;classes\OpenDDS\DCPS\transport\TransportInst.class;classes\OpenDDS\DCPS\transport\UdpInst.class;\dds\DdsDcpsCore.idl;\dds\OpenddsDcpsExt.idl' exited with code 2.
